{"level":"info","message":"Posts buscados com sucesso"}
{"level":"info","message":"Posts buscados com sucesso"}
{"level":"info","message":"Posts buscados com sucesso"}
{"level":"info","message":"Posts buscados com sucesso"}
{"level":"info","message":"Posts buscados com sucesso"}
{"level":"info","message":"Posts buscados com sucesso"}
{"level":"info","message":"Posts buscados com sucesso"}
{"level":"info","message":"Posts buscados com sucesso"}
{"level":"info","message":"Posts buscados com sucesso"}
{"level":"info","message":"Posts buscados com sucesso"}
{"level":"info","message":"Posts buscados com sucesso"}
{"level":"info","message":"Posts buscados com sucesso"}
{"level":"info","message":"Posts buscados com sucesso"}
{"level":"info","message":"Posts buscados com sucesso"}
{"level":"info","message":"Posts buscados com sucesso"}
{"level":"info","message":"Posts buscados com sucesso"}
{"level":"info","message":"Posts buscados com sucesso"}
{"level":"info","message":"Posts buscados com sucesso"}
{"level":"info","message":"Posts buscados com sucesso"}
{"level":"info","message":"Posts buscados com sucesso"}
{"level":"info","message":"Posts buscados com sucesso"}
{"level":"info","message":"Posts buscados com sucesso"}
{"level":"info","message":"Posts buscados com sucesso"}
{"level":"info","message":"Posts buscados com sucesso"}
{"level":"info","message":"Posts buscados com sucesso"}
{"level":"info","message":"Posts buscados com sucesso"}
{"level":"info","message":"Posts buscados com sucesso"}
{"level":"info","message":"Posts buscados com sucesso"}
{"level":"info","message":"Posts buscados com sucesso"}
{"level":"info","message":"Posts buscados com sucesso"}
{"level":"info","message":"Posts buscados com sucesso"}
{"level":"info","message":"Posts buscados com sucesso"}
{"level":"info","message":"Posts buscados com sucesso"}
{"level":"info","message":"Posts buscados com sucesso"}
{"level":"info","message":"Posts buscados com sucesso"}
{"level":"info","message":"Posts buscados com sucesso"}
{"level":"info","message":"Posts buscados com sucesso"}
{"level":"info","message":"Posts buscados com sucesso"}
{"level":"info","message":"Posts buscados com sucesso"}
{"level":"info","message":"Posts buscados com sucesso"}
{"level":"info","message":"Posts buscados com sucesso"}
{"level":"info","message":"Posts buscados com sucesso"}
{"level":"info","message":"Posts buscados com sucesso"}
{"level":"info","message":"Posts buscados com sucesso"}
{"level":"info","message":"Posts buscados com sucesso"}
{"level":"info","message":"Posts buscados com sucesso"}
{"level":"info","message":"Posts buscados com sucesso"}
{"level":"info","message":"Posts buscados com sucesso"}
{"level":"info","message":"Posts buscados com sucesso"}
{"level":"info","message":"Posts buscados com sucesso"}
{"level":"info","message":"Posts buscados com sucesso"}
{"level":"info","message":"Posts buscados com sucesso"}
{"level":"info","message":"Posts buscados com sucesso"}
{"level":"info","message":"Posts buscados com sucesso"}
{"level":"info","message":"Posts buscados com sucesso"}
{"level":"info","message":"Posts buscados com sucesso"}
{"level":"info","message":"Posts buscados com sucesso"}
{"level":"info","message":"Posts buscados com sucesso"}
{"level":"info","message":"Posts buscados com sucesso"}
{"level":"info","message":"Posts buscados com sucesso"}
{"level":"info","message":"Posts buscados com sucesso"}
{"level":"info","message":"Posts buscados com sucesso"}
{"level":"info","message":"Posts buscados com sucesso"}
{"level":"info","message":"Posts buscados com sucesso"}
{"level":"info","message":"Posts buscados com sucesso"}
{"level":"info","message":"Posts buscados com sucesso"}
{"level":"info","message":"Posts buscados com sucesso"}
{"level":"info","message":"Posts buscados com sucesso"}
{"level":"info","message":"Posts buscados com sucesso"}
{"level":"info","message":"Posts buscados com sucesso"}
{"level":"info","message":"Posts buscados com sucesso"}
{"level":"info","message":"Posts buscados com sucesso"}
{"level":"info","message":"Posts buscados com sucesso"}
{"level":"info","message":"Posts buscados com sucesso"}
{"level":"info","message":"Posts buscados com sucesso"}
{"level":"info","message":"Posts buscados com sucesso"}
{"level":"info","message":"Posts buscados com sucesso"}
{"level":"info","message":"Posts buscados com sucesso"}
{"level":"info","message":"Posts buscados com sucesso"}
{"level":"info","message":"Posts buscados com sucesso"}
{"level":"info","message":"Posts buscados com sucesso"}
{"level":"info","message":"Posts buscados com sucesso"}
{"level":"info","message":"Posts buscados com sucesso"}
{"level":"info","message":"Posts buscados com sucesso"}
{"level":"info","message":"Posts buscados com sucesso"}
{"level":"info","message":"Posts buscados com sucesso"}
{"level":"info","message":"Posts buscados com sucesso"}
{"level":"info","message":"Posts buscados com sucesso"}
{"level":"info","message":"Posts buscados com sucesso"}
{"level":"info","message":"Posts buscados com sucesso"}
{"level":"info","message":"Posts buscados com sucesso"}
{"level":"info","message":"Posts buscados com sucesso"}
{"level":"info","message":"Posts buscados com sucesso"}
{"level":"info","message":"Posts buscados com sucesso"}
{"level":"info","message":"Posts buscados com sucesso"}
{"level":"info","message":"Posts buscados com sucesso"}
{"level":"info","message":"Posts buscados com sucesso"}
{"level":"info","message":"Posts buscados com sucesso"}
{"level":"info","message":"Posts buscados com sucesso"}
{"level":"info","message":"Posts buscados com sucesso"}
{"level":"info","message":"Posts buscados com sucesso"}
{"level":"info","message":"Posts buscados com sucesso"}
{"level":"info","message":"Posts buscados com sucesso"}
{"level":"info","message":"Posts buscados com sucesso"}
{"level":"info","message":"Posts buscados com sucesso"}
{"level":"info","message":"Posts buscados com sucesso"}
{"level":"info","message":"Posts buscados com sucesso"}
{"level":"info","message":"Posts buscados com sucesso"}
{"level":"info","message":"Posts buscados com sucesso"}
{"level":"info","message":"Posts buscados com sucesso"}
{"level":"info","message":"Posts buscados com sucesso"}
{"level":"info","message":"Posts buscados com sucesso"}
{"level":"info","message":"Posts buscados com sucesso"}
{"level":"info","message":"Posts buscados com sucesso"}
{"level":"info","message":"Posts buscados com sucesso"}
{"level":"info","message":"Posts buscados com sucesso"}
{"level":"info","message":"Posts buscados com sucesso"}
{"level":"info","message":"Posts buscados com sucesso"}
{"level":"info","message":"Posts buscados com sucesso"}
{"level":"info","message":"Posts buscados com sucesso"}
{"level":"info","message":"Posts buscados com sucesso"}
{"level":"info","message":"Posts buscados com sucesso"}
{"level":"info","message":"Posts buscados com sucesso"}
{"level":"info","message":"Posts buscados com sucesso"}
{"level":"info","message":"Posts buscados com sucesso"}
{"level":"info","message":"Posts buscados com sucesso"}
{"level":"info","message":"Posts buscados com sucesso"}
{"level":"info","message":"Posts buscados com sucesso"}
{"level":"info","message":"Posts buscados com sucesso"}
{"level":"info","message":"Posts buscados com sucesso"}
{"level":"info","message":"Posts buscados com sucesso"}
{"level":"info","message":"Posts buscados com sucesso"}
{"level":"info","message":"Posts buscados com sucesso"}
{"level":"info","message":"Posts buscados com sucesso"}
{"level":"info","message":"Posts buscados com sucesso"}
{"level":"info","message":"Posts buscados com sucesso"}
{"level":"info","message":"Posts buscados com sucesso"}
{"level":"info","message":"Posts buscados com sucesso"}
{"level":"info","message":"Posts buscados com sucesso"}
{"level":"info","message":"Posts buscados com sucesso"}
{"level":"info","message":"Posts buscados com sucesso"}
{"level":"info","message":"Posts buscados com sucesso"}
{"level":"info","message":"Posts buscados com sucesso"}
{"level":"info","message":"Posts buscados com sucesso"}
{"level":"info","message":"Posts buscados com sucesso"}
{"level":"info","message":"Posts buscados com sucesso"}
{"level":"info","message":"Posts buscados com sucesso"}
{"level":"info","message":"Posts buscados com sucesso"}
{"level":"info","message":"Posts buscados com sucesso"}
{"level":"info","message":"Posts buscados com sucesso"}
{"level":"info","message":"Posts buscados com sucesso"}
{"level":"info","message":"Posts buscados com sucesso"}
{"level":"info","message":"Posts buscados com sucesso"}
{"level":"info","message":"Posts buscados com sucesso"}
{"level":"info","message":"Posts buscados com sucesso"}
{"level":"info","message":"Posts buscados com sucesso"}
{"level":"info","message":"Posts buscados com sucesso"}
{"level":"info","message":"Posts buscados com sucesso"}
{"level":"info","message":"Posts buscados com sucesso"}
{"level":"info","message":"Posts buscados com sucesso"}
{"level":"info","message":"Posts buscados com sucesso"}
{"level":"info","message":"Posts buscados com sucesso"}
{"level":"info","message":"Posts buscados com sucesso"}
{"level":"info","message":"Posts buscados com sucesso"}
{"level":"info","message":"Posts buscados com sucesso"}
{"level":"info","message":"Posts buscados com sucesso"}
{"level":"info","message":"Posts buscados com sucesso"}
{"level":"info","message":"Posts buscados com sucesso"}
{"level":"info","message":"Posts buscados com sucesso"}
{"level":"info","message":"Posts buscados com sucesso"}
{"level":"info","message":"Posts buscados com sucesso"}
{"level":"info","message":"Posts buscados com sucesso"}
{"level":"info","message":"Posts buscados com sucesso"}
{"level":"info","message":"Posts buscados com sucesso"}
{"level":"info","message":"Posts buscados com sucesso"}
{"level":"info","message":"Posts buscados com sucesso"}
{"level":"info","message":"Posts buscados com sucesso"}
{"level":"info","message":"Posts buscados com sucesso"}
{"level":"info","message":"Posts buscados com sucesso"}
{"level":"info","message":"Posts buscados com sucesso"}
{"level":"info","message":"Posts buscados com sucesso"}
{"level":"info","message":"Posts buscados com sucesso"}
{"level":"info","message":"Posts buscados com sucesso"}
{"level":"info","message":"Posts buscados com sucesso"}
{"level":"info","message":"Posts buscados com sucesso"}
{"level":"info","message":"Posts buscados com sucesso"}
{"level":"info","message":"Posts buscados com sucesso"}
{"level":"info","message":"Posts buscados com sucesso"}
{"level":"info","message":"Posts buscados com sucesso"}
{"level":"info","message":"Posts buscados com sucesso"}
{"level":"info","message":"Posts buscados com sucesso"}
{"level":"info","message":"Posts buscados com sucesso"}
{"level":"info","message":"Posts buscados com sucesso"}
{"level":"info","message":"Posts buscados com sucesso"}
{"level":"info","message":"Posts buscados com sucesso"}
{"level":"info","message":"Posts buscados com sucesso"}
{"level":"info","message":"Posts buscados com sucesso"}
{"level":"info","message":"Posts buscados com sucesso"}
{"level":"info","message":"Posts buscados com sucesso"}
{"level":"info","message":"Posts buscados com sucesso"}
{"level":"info","message":"Posts buscados com sucesso"}
{"level":"info","message":"Posts buscados com sucesso"}
{"level":"info","message":"Posts buscados com sucesso"}
{"level":"info","message":"Posts buscados com sucesso"}
{"level":"info","message":"Posts buscados com sucesso"}
{"level":"info","message":"Posts buscados com sucesso"}
{"level":"info","message":"Posts buscados com sucesso"}
{"level":"info","message":"Posts buscados com sucesso"}
{"level":"info","message":"Posts buscados com sucesso"}
{"level":"info","message":"Posts buscados com sucesso"}
{"level":"info","message":"Posts buscados com sucesso"}
{"level":"info","message":"Posts buscados com sucesso"}
{"level":"info","message":"Posts buscados com sucesso"}
{"level":"info","message":"Posts buscados com sucesso"}
{"level":"info","message":"Posts buscados com sucesso"}
{"level":"info","message":"Posts buscados com sucesso"}
{"level":"info","message":"Posts buscados com sucesso"}
{"level":"info","message":"Posts buscados com sucesso"}
{"level":"info","message":"Posts buscados com sucesso"}
{"level":"info","message":"Posts buscados com sucesso"}
{"level":"info","message":"Posts buscados com sucesso"}
{"level":"info","message":"Posts buscados com sucesso"}
{"level":"info","message":"Posts buscados com sucesso"}
{"level":"info","message":"Posts buscados com sucesso"}
{"level":"info","message":"Posts buscados com sucesso"}
{"level":"info","message":"Posts buscados com sucesso"}
{"level":"info","message":"Posts buscados com sucesso"}
{"level":"info","message":"Posts buscados com sucesso"}
{"level":"info","message":"Posts buscados com sucesso"}
{"level":"info","message":"Posts buscados com sucesso"}
{"level":"info","message":"Posts buscados com sucesso"}
{"level":"info","message":"Posts buscados com sucesso"}
{"level":"info","message":"Posts buscados com sucesso"}
{"level":"info","message":"Posts buscados com sucesso"}
{"level":"info","message":"Posts buscados com sucesso"}
{"level":"info","message":"Posts buscados com sucesso"}
{"level":"info","message":"Posts buscados com sucesso"}
{"level":"info","message":"Posts buscados com sucesso"}
{"level":"info","message":"Posts buscados com sucesso"}
{"level":"info","message":"Posts buscados com sucesso"}
{"level":"info","message":"Posts buscados com sucesso"}
{"level":"info","message":"Posts buscados com sucesso"}
{"level":"info","message":"Posts buscados com sucesso"}
{"level":"info","message":"Posts buscados com sucesso"}
{"level":"info","message":"Posts buscados com sucesso"}
{"level":"info","message":"Posts buscados com sucesso"}
{"level":"info","message":"Posts buscados com sucesso"}
{"level":"info","message":"Posts buscados com sucesso"}
{"level":"info","message":"Posts buscados com sucesso"}
{"level":"info","message":"Posts buscados com sucesso"}
{"level":"info","message":"Posts buscados com sucesso"}
{"level":"info","message":"Posts buscados com sucesso"}
{"level":"info","message":"Posts buscados com sucesso"}
{"level":"info","message":"Posts buscados com sucesso"}
{"level":"info","message":"Posts buscados com sucesso"}
{"level":"info","message":"Posts buscados com sucesso"}
{"level":"info","message":"Posts buscados com sucesso"}
{"level":"info","message":"Posts buscados com sucesso"}
{"level":"info","message":"Posts buscados com sucesso"}
{"level":"info","message":"Posts buscados com sucesso"}
{"level":"info","message":"Posts buscados com sucesso"}
{"level":"info","message":"Posts buscados com sucesso"}
{"level":"info","message":"Posts buscados com sucesso"}
{"level":"info","message":"Posts buscados com sucesso"}
{"level":"info","message":"Posts buscados com sucesso"}
{"level":"info","message":"Posts buscados com sucesso"}
{"level":"info","message":"Posts buscados com sucesso"}
{"level":"info","message":"Posts buscados com sucesso"}
{"level":"info","message":"Posts buscados com sucesso"}
{"level":"info","message":"Posts buscados com sucesso"}
{"level":"info","message":"Posts buscados com sucesso"}
{"level":"info","message":"Posts buscados com sucesso"}
{"level":"info","message":"Posts buscados com sucesso"}
{"level":"info","message":"Posts buscados com sucesso"}
{"level":"info","message":"Posts buscados com sucesso"}
{"level":"info","message":"Posts buscados com sucesso"}
{"level":"info","message":"Posts buscados com sucesso"}
{"level":"info","message":"Posts buscados com sucesso"}
{"level":"info","message":"Posts buscados com sucesso"}
{"level":"info","message":"Posts buscados com sucesso"}
{"level":"info","message":"Posts buscados com sucesso"}
{"level":"info","message":"Posts buscados com sucesso"}
{"level":"info","message":"Posts buscados com sucesso"}
{"level":"info","message":"Posts buscados com sucesso"}
{"level":"info","message":"Posts buscados com sucesso"}
{"level":"info","message":"Posts buscados com sucesso"}
{"level":"info","message":"Posts buscados com sucesso"}
{"level":"info","message":"Posts buscados com sucesso"}
{"level":"info","message":"Posts buscados com sucesso"}
{"level":"info","message":"Posts buscados com sucesso"}
{"level":"info","message":"Posts buscados com sucesso"}
{"level":"info","message":"Posts buscados com sucesso"}
{"level":"info","message":"Posts buscados com sucesso"}
{"level":"info","message":"Posts buscados com sucesso"}
{"level":"info","message":"Posts buscados com sucesso"}
{"level":"info","message":"Posts buscados com sucesso"}
{"level":"info","message":"Posts buscados com sucesso"}
{"level":"info","message":"Posts buscados com sucesso"}
{"level":"info","message":"Posts buscados com sucesso"}
{"level":"info","message":"Posts buscados com sucesso"}
{"level":"info","message":"Posts buscados com sucesso"}
{"level":"info","message":"Posts buscados com sucesso"}
{"level":"info","message":"Posts buscados com sucesso"}
{"level":"info","message":"Posts buscados com sucesso"}
{"level":"info","message":"Posts buscados com sucesso"}
{"level":"info","message":"Posts buscados com sucesso"}
{"level":"info","message":"Posts buscados com sucesso"}
{"level":"info","message":"Posts buscados com sucesso"}
{"level":"info","message":"Posts buscados com sucesso"}
{"level":"info","message":"Posts buscados com sucesso"}
{"level":"info","message":"Posts buscados com sucesso"}
{"level":"info","message":"Posts buscados com sucesso"}
{"level":"info","message":"Posts buscados com sucesso"}
{"level":"info","message":"Posts buscados com sucesso"}
{"level":"info","message":"Posts buscados com sucesso"}
{"level":"info","message":"Posts buscados com sucesso"}
{"level":"info","message":"Posts buscados com sucesso"}
{"level":"info","message":"Posts buscados com sucesso"}
{"level":"info","message":"Posts buscados com sucesso"}
{"level":"info","message":"Posts buscados com sucesso"}
{"level":"info","message":"Posts buscados com sucesso"}
{"level":"info","message":"Posts buscados com sucesso"}
{"level":"info","message":"Posts buscados com sucesso"}
{"level":"info","message":"Posts buscados com sucesso"}
{"level":"info","message":"Posts buscados com sucesso"}
{"level":"info","message":"Posts buscados com sucesso"}
{"level":"info","message":"Posts buscados com sucesso"}
{"level":"info","message":"Posts buscados com sucesso"}
{"level":"info","message":"Posts buscados com sucesso"}
{"level":"info","message":"Posts buscados com sucesso"}
{"level":"info","message":"Posts buscados com sucesso"}
{"level":"info","message":"Posts buscados com sucesso"}
{"level":"info","message":"Posts buscados com sucesso"}
{"level":"info","message":"Posts buscados com sucesso"}
{"level":"info","message":"Posts buscados com sucesso"}
{"level":"info","message":"Posts buscados com sucesso"}
{"level":"info","message":"Posts buscados com sucesso"}
{"level":"info","message":"Posts buscados com sucesso"}
{"level":"info","message":"Posts buscados com sucesso"}
{"level":"info","message":"Posts buscados com sucesso"}
{"level":"info","message":"Posts buscados com sucesso"}
{"level":"info","message":"Posts buscados com sucesso"}
{"level":"info","message":"Posts buscados com sucesso"}
{"level":"info","message":"Posts buscados com sucesso"}
{"level":"info","message":"Posts buscados com sucesso"}
{"level":"info","message":"Posts buscados com sucesso"}
{"level":"info","message":"Posts buscados com sucesso"}
{"level":"info","message":"Posts buscados com sucesso"}
{"level":"info","message":"Posts buscados com sucesso"}
{"level":"info","message":"Posts buscados com sucesso"}
{"level":"info","message":"Posts buscados com sucesso"}
{"level":"info","message":"Posts buscados com sucesso"}
{"level":"info","message":"Posts buscados com sucesso"}
{"level":"info","message":"Posts buscados com sucesso"}
{"level":"info","message":"Posts buscados com sucesso"}
{"level":"info","message":"Posts buscados com sucesso"}
{"level":"info","message":"Posts buscados com sucesso"}
{"level":"info","message":"Posts buscados com sucesso"}
{"level":"info","message":"Posts buscados com sucesso"}
{"level":"info","message":"Posts buscados com sucesso"}
{"level":"info","message":"Posts buscados com sucesso"}
{"level":"info","message":"Posts buscados com sucesso"}
{"level":"info","message":"Posts buscados com sucesso"}
{"level":"info","message":"Posts buscados com sucesso"}
{"level":"info","message":"Posts buscados com sucesso"}
{"level":"info","message":"Posts buscados com sucesso"}
{"level":"info","message":"Posts buscados com sucesso"}
{"level":"info","message":"Posts buscados com sucesso"}
{"level":"info","message":"Posts buscados com sucesso"}
{"level":"info","message":"Posts buscados com sucesso"}
{"level":"info","message":"Posts buscados com sucesso"}
{"level":"info","message":"Posts buscados com sucesso"}
{"level":"info","message":"Posts buscados com sucesso"}
{"level":"info","message":"Posts buscados com sucesso"}
{"level":"info","message":"Posts buscados com sucesso"}
{"level":"info","message":"Posts buscados com sucesso"}
{"level":"info","message":"Posts buscados com sucesso"}
{"level":"info","message":"Posts buscados com sucesso"}
{"level":"info","message":"Posts buscados com sucesso"}
{"level":"info","message":"Posts buscados com sucesso"}
{"level":"info","message":"Posts buscados com sucesso"}
{"level":"info","message":"Posts buscados com sucesso"}
{"level":"info","message":"Posts buscados com sucesso"}
{"level":"info","message":"Posts buscados com sucesso"}
{"level":"info","message":"Posts buscados com sucesso"}
{"level":"info","message":"Posts buscados com sucesso"}
{"level":"info","message":"Posts buscados com sucesso"}
{"level":"info","message":"Posts buscados com sucesso"}
{"level":"info","message":"Posts buscados com sucesso"}
{"level":"info","message":"Posts buscados com sucesso"}
{"level":"info","message":"Posts buscados com sucesso"}
{"level":"info","message":"Posts buscados com sucesso"}
{"level":"info","message":"Posts buscados com sucesso"}
{"level":"info","message":"Posts buscados com sucesso"}
{"level":"info","message":"Posts buscados com sucesso"}
{"level":"info","message":"Posts buscados com sucesso"}
{"level":"info","message":"Posts buscados com sucesso"}
{"level":"info","message":"Posts buscados com sucesso"}
{"level":"info","message":"Posts buscados com sucesso"}
{"level":"info","message":"Posts buscados com sucesso"}
{"level":"info","message":"Posts buscados com sucesso"}
{"level":"info","message":"Posts buscados com sucesso"}
{"level":"info","message":"Posts buscados com sucesso"}
{"level":"info","message":"Posts buscados com sucesso"}
{"level":"info","message":"Posts buscados com sucesso"}
{"level":"info","message":"Posts buscados com sucesso"}
{"level":"info","message":"Posts buscados com sucesso"}
{"level":"info","message":"Posts buscados com sucesso"}
{"level":"info","message":"Posts buscados com sucesso"}
{"level":"info","message":"Posts buscados com sucesso"}
{"level":"info","message":"Posts buscados com sucesso"}
{"level":"info","message":"Posts buscados com sucesso"}
{"level":"info","message":"Posts buscados com sucesso"}
{"level":"info","message":"Posts buscados com sucesso"}
{"level":"info","message":"Posts buscados com sucesso"}
{"level":"info","message":"Posts buscados com sucesso"}
{"level":"info","message":"Posts buscados com sucesso"}
{"level":"info","message":"Posts buscados com sucesso"}
{"level":"info","message":"Posts buscados com sucesso"}
{"level":"info","message":"Posts buscados com sucesso"}
{"level":"info","message":"Posts buscados com sucesso"}
{"level":"info","message":"Posts buscados com sucesso"}
{"level":"info","message":"Posts buscados com sucesso"}
{"level":"info","message":"Posts buscados com sucesso"}
{"level":"info","message":"Posts buscados com sucesso"}
{"level":"info","message":"Posts buscados com sucesso"}
{"level":"info","message":"Posts buscados com sucesso"}
{"level":"info","message":"Posts buscados com sucesso"}
{"level":"info","message":"Posts buscados com sucesso"}
{"level":"info","message":"Posts buscados com sucesso"}
{"level":"info","message":"Posts buscados com sucesso"}
{"level":"info","message":"Posts buscados com sucesso"}
{"level":"info","message":"Posts buscados com sucesso"}
{"level":"info","message":"Posts buscados com sucesso"}
{"level":"info","message":"Posts buscados com sucesso"}
{"level":"info","message":"Posts buscados com sucesso"}
{"level":"info","message":"Posts buscados com sucesso"}
{"level":"info","message":"Posts buscados com sucesso"}
{"level":"info","message":"Posts buscados com sucesso"}
{"level":"info","message":"Posts buscados com sucesso"}
{"level":"info","message":"Posts buscados com sucesso"}
{"level":"info","message":"Posts buscados com sucesso"}
{"level":"info","message":"Posts buscados com sucesso"}
{"level":"info","message":"Posts buscados com sucesso"}
{"level":"info","message":"Posts buscados com sucesso"}
{"level":"info","message":"Posts buscados com sucesso"}
{"level":"info","message":"Posts buscados com sucesso na página 1 com tags: "}
{"level":"info","message":"Posts buscados com sucesso"}
{"level":"info","message":"Posts buscados com sucesso"}
{"level":"info","message":"Posts buscados com sucesso na página 1 com tags: "}
{"level":"info","message":"Posts buscados com sucesso na página 1 com tags: "}
{"level":"info","message":"Posts buscados com sucesso na página 1 com tags: "}
{"level":"info","message":"Posts buscados com sucesso na página 1 com tags: "}
{"level":"info","message":"Posts buscados com sucesso na página 1 com tags: "}
{"level":"info","message":"Posts buscados com sucesso na página 1 com tags: "}
{"level":"info","message":"Posts buscados com sucesso na página 1 com tags: "}
{"level":"info","message":"Posts buscados com sucesso na página 1 com tags: Pouca iluminação"}
{"level":"info","message":"Posts buscados com sucesso na página 1 com tags: Pouca iluminação,Muita iluminação"}
{"level":"info","message":"Posts buscados com sucesso na página 1 com tags: "}
{"level":"info","message":"Posts buscados com sucesso na página 1 com tags: Pouca iluminação,Muita iluminação"}
{"level":"info","message":"Posts buscados com sucesso na página 1 com tags: Muita iluminação"}
{"level":"info","message":"Posts buscados com sucesso na página 1 com tags: "}
{"level":"info","message":"Posts buscados com sucesso na página 1 com tags: Pouca iluminação"}
{"level":"info","message":"Posts buscados com sucesso na página 1 com tags: Pouca iluminação"}
{"level":"info","message":"Posts buscados com sucesso na página 1 com tags: "}
{"level":"info","message":"Posts buscados com sucesso na página 1 com tags: Pouca iluminação"}
{"level":"info","message":"Posts buscados com sucesso na página 1 com tags: Pouca iluminação"}
{"level":"info","message":"Posts buscados com sucesso na página 1 com tags: Pouca iluminação"}
{"level":"info","message":"Posts buscados com sucesso na página 1 com tags: Pouca%20ilumina%C3%A7%C3%A3o,Pouca iluminação"}
{"level":"info","message":"Posts buscados com sucesso na página 1 com tags: Pouca%2520ilumina%25C3%25A7%25C3%25A3o,Pouca%20ilumina%C3%A7%C3%A3o,Pouca iluminação"}
{"level":"info","message":"Posts buscados com sucesso na página 1 com tags: Pouca%252520ilumina%2525C3%2525A7%2525C3%2525A3o,Pouca%2520ilumina%25C3%25A7%25C3%25A3o,Pouca%20ilumina%C3%A7%C3%A3o,Pouca iluminação"}
{"level":"info","message":"Posts buscados com sucesso na página 1 com tags: Pouca%25252520ilumina%252525C3%252525A7%252525C3%252525A3o,Pouca%252520ilumina%2525C3%2525A7%2525C3%2525A3o,Pouca%2520ilumina%25C3%25A7%25C3%25A3o,Pouca%20ilumina%C3%A7%C3%A3o,Muita iluminação"}
{"level":"info","message":"Posts buscados com sucesso na página 1 com tags: "}
{"level":"info","message":"Posts buscados com sucesso na página 1 com tags: Pouca iluminação"}
{"level":"info","message":"Posts buscados com sucesso na página 1 com tags: "}
{"level":"info","message":"Posts buscados com sucesso na página 1 com tags: Pouca iluminação"}
{"level":"info","message":"Posts buscados com sucesso na página 1 com tags: Pouca%20ilumina%C3%A7%C3%A3o,Pouca iluminação"}
{"level":"info","message":"Posts buscados com sucesso na página 1 com tags: Pouca%20ilumina%C3%A7%C3%A3o,Pouca iluminação"}
{"level":"info","message":"Posts buscados com sucesso na página 1 com tags: Pouca%20ilumina%C3%A7%C3%A3o,Pouca iluminação"}
{"level":"info","message":"Posts buscados com sucesso na página 1 com tags: Pouca%20ilumina%C3%A7%C3%A3o,Pouca iluminação"}
{"level":"info","message":"Posts buscados com sucesso na página 1 com tags: "}
{"level":"info","message":"Posts buscados com sucesso na página 1 com tags: "}
{"level":"info","message":"Posts buscados com sucesso na página 1 com tags: "}
{"level":"info","message":"Posts buscados com sucesso na página 1 com tags: "}
{"level":"info","message":"Posts buscados com sucesso na página 1 com tags: "}
{"level":"info","message":"Posts buscados com sucesso na página 1 com tags: "}
{"level":"info","message":"Posts buscados com sucesso na página 1 com tags: "}
{"level":"info","message":"Posts buscados com sucesso na página 1 com tags: "}
{"level":"info","message":"Posts buscados com sucesso na página 1 com tags: "}
{"level":"info","message":"Posts buscados com sucesso na página 1 com tags: "}
{"level":"info","message":"Posts buscados com sucesso na página 1 com tags: "}
{"level":"info","message":"Posts buscados com sucesso na página 1 com tags: "}
{"level":"info","message":"Posts buscados com sucesso na página 1 com tags: "}
{"level":"info","message":"Posts buscados com sucesso na página 1 com tags: "}
{"level":"info","message":"Posts buscados com sucesso na página 1 com tags: "}
{"level":"info","message":"Posts buscados com sucesso na página 1 com tags: "}
{"level":"info","message":"Posts buscados com sucesso na página 1 com tags: "}
{"level":"info","message":"Posts buscados com sucesso na página 1 com tags: "}
{"level":"info","message":"Posts buscados com sucesso na página 1 com tags: "}
{"level":"info","message":"Posts buscados com sucesso na página 1 com tags: "}
{"level":"info","message":"Posts buscados com sucesso na página 1 com tags: "}
{"level":"info","message":"Posts buscados com sucesso na página 1 com tags: "}
{"level":"info","message":"Posts buscados com sucesso na página 1 com tags: "}
{"level":"info","message":"Posts buscados com sucesso na página 1 com tags: "}
{"level":"info","message":"Posts buscados com sucesso na página 1 com tags: "}
{"level":"info","message":"Posts buscados com sucesso na página 1 com tags: "}
{"level":"info","message":"Posts buscados com sucesso na página 1 com tags: "}
{"level":"info","message":"Posts buscados com sucesso na página 1 com tags: "}
{"level":"info","message":"Posts buscados com sucesso na página 1 com tags: "}
{"level":"info","message":"Posts buscados com sucesso na página 1 com tags: "}
{"level":"info","message":"Posts buscados com sucesso na página 1 com tags: "}
{"level":"info","message":"Posts buscados com sucesso na página 1 com tags: "}
{"level":"info","message":"Posts buscados com sucesso na página 1 com tags: "}
{"level":"info","message":"Posts buscados com sucesso na página 1 com tags: "}
{"level":"info","message":"Posts buscados com sucesso na página 1 com tags: "}
{"level":"info","message":"Posts buscados com sucesso"}
{"level":"info","message":"Posts buscados com sucesso na página 2 com tags: "}
{"level":"info","message":"Posts buscados com sucesso na página 1 com tags: "}
{"level":"info","message":"Posts buscados com sucesso na página 1 com tags: "}
{"level":"info","message":"Posts buscados com sucesso na página 1 com tags: "}
{"level":"info","message":"Posts buscados com sucesso na página 1 com tags: "}
{"level":"info","message":"Posts buscados com sucesso na página 1 com tags: "}
{"level":"info","message":"Posts buscados com sucesso na página 1 com tags: "}
{"level":"info","message":"Posts buscados com sucesso na página 1 com tags: "}
{"level":"info","message":"Posts buscados com sucesso na página 2 com tags: "}
{"level":"info","message":"Posts buscados com sucesso na página 1 com tags: "}
{"level":"info","message":"Posts buscados com sucesso na página 1 com tags: "}
{"level":"info","message":"Posts buscados com sucesso na página 1 com tags: "}
{"level":"info","message":"Posts buscados com sucesso na página 1 com tags: "}
{"level":"info","message":"Posts buscados com sucesso na página 1 com tags: "}
{"level":"info","message":"Posts buscados com sucesso na página 1 com tags: "}
{"level":"info","message":"Posts buscados com sucesso na página 1 com tags: "}
{"level":"info","message":"Posts buscados com sucesso na página 1 com tags: "}
{"level":"info","message":"Posts buscados com sucesso na página 1 com tags: "}
{"level":"info","message":"Posts buscados com sucesso na página 1 com tags: "}
{"level":"info","message":"Posts buscados com sucesso na página 1 com tags: muita-iluminacao"}
{"level":"info","message":"Posts buscados com sucesso na página 1 com tags: muita-iluminacao,pouca-manutencao"}
{"level":"info","message":"Posts buscados com sucesso na página 1 com tags: pouca-manutencao"}
{"level":"info","message":"Posts buscados com sucesso na página 1 com tags: pouca-agua"}
{"level":"info","message":"Posts buscados com sucesso na página 1 com tags: pouca-agua,pouca-iluminacao"}
{"level":"info","message":"Posts buscados com sucesso na página 1 com tags: pouca-iluminacao"}
{"level":"info","message":"Posts buscados com sucesso na página 1 com tags: "}
{"level":"info","message":"Posts buscados com sucesso na página 1 com tags: "}
{"level":"info","message":"Posts buscados com sucesso na página 1 com tags: "}
{"level":"info","message":"Posts buscados com sucesso na página 1 com tags: "}
{"level":"info","message":"Posts buscados com sucesso na página 1 com tags: "}
{"level":"info","message":"Posts buscados com sucesso na página 1 com tags: muita-iluminacao"}
{"level":"info","message":"Posts buscados com sucesso na página 1 com tags: muita-iluminacao,pouca-manutencao"}
{"level":"info","message":"Posts buscados com sucesso na página 1 com tags: pouca-manutencao"}
{"level":"info","message":"Posts buscados com sucesso na página 1 com tags: "}
{"level":"info","message":"Posts buscados com sucesso na página 1 com tags: pouca-agua"}
{"level":"info","message":"Posts buscados com sucesso na página 1 com tags: ambiente-externo"}
{"level":"info","message":"Posts buscados com sucesso na página 1 com tags: ambiente-externo,pouca-manutencao"}
{"level":"info","message":"Posts buscados com sucesso na página 1 com tags: "}
{"level":"info","message":"Posts buscados com sucesso"}
{"level":"info","message":"Posts buscados com sucesso na página 1 com tags: muita-iluminacao"}
{"level":"info","message":"Posts buscados com sucesso na página 1 com tags: pouca-manutencao"}
{"level":"info","message":"Posts buscados com sucesso na página 1 com tags: pouca-manutencao,ambiente-externo"}
{"level":"info","message":"Posts buscados com sucesso na página 1 com tags: muita-iluminacao"}
{"level":"info","message":"Posts buscados com sucesso na página 1 com tags: muita-iluminacao,pouca-manutencao"}
{"level":"info","message":"Posts buscados com sucesso na página 1 com tags: muita-iluminacao"}
{"level":"info","message":"Posts buscados com sucesso na página 1 com tags: "}
{"level":"info","message":"Posts buscados com sucesso na página 1 com tags: "}
{"level":"info","message":"Posts buscados com sucesso na página 1 com tags: muita-iluminacao"}
{"level":"info","message":"Posts buscados com sucesso na página 1 com tags: pouca-manutencao"}
{"level":"info","message":"Posts buscados com sucesso na página 1 com tags: "}
{"level":"info","message":"Posts buscados com sucesso na página 1 com tags: "}
{"level":"info","message":"Posts buscados com sucesso na página 1 com tags: "}
{"level":"info","message":"Posts buscados com sucesso na página 1 com tags: "}
{"level":"info","message":"Posts buscados com sucesso na página 1 com tags: muita-iluminacao"}
{"level":"info","message":"Posts buscados com sucesso na página 1 com tags: muita-iluminacao,pouca-manutencao"}
{"level":"info","message":"Posts buscados com sucesso na página 1 com tags: muita-iluminacao,pouca-manutencao,ambiente-externo"}
{"level":"info","message":"Posts buscados com sucesso na página 1 com tags: muita-iluminacao,ambiente-externo"}
{"level":"info","message":"Posts buscados com sucesso na página 1 com tags: ambiente-externo"}
{"level":"info","message":"Posts buscados com sucesso na página 1 com tags: pouca-manutencao"}
{"level":"info","message":"Posts buscados com sucesso na página 1 com tags: muita-iluminacao"}
{"level":"info","message":"Posts buscados com sucesso na página 1 com tags: muita-iluminacao,pouca-manutencao"}
{"level":"info","message":"Posts buscados com sucesso na página 1 com tags: muita-iluminacao,pouca-manutencao"}
{"level":"info","message":"Posts buscados com sucesso na página 1 com tags: muita-iluminacao,pouca-manutencao"}
{"level":"info","message":"Posts buscados com sucesso na página 1 com tags: muita-iluminacao,pouca-manutencao"}
{"level":"info","message":"Posts buscados com sucesso na página 1 com tags: muita-iluminacao,pouca-manutencao"}
{"level":"info","message":"Posts buscados com sucesso na página 1 com tags: muita-iluminacao,pouca-manutencao"}
{"level":"info","message":"Posts buscados com sucesso na página 1 com tags: muita-iluminacao,pouca-manutencao"}
{"level":"info","message":"Posts buscados com sucesso na página 1 com tags: "}
{"level":"info","message":"Posts buscados com sucesso na página 1 com tags: "}
{"level":"info","message":"Posts buscados com sucesso na página 1"}
{"level":"info","message":"Posts buscados com sucesso na página 1"}
{"level":"info","message":"Posts buscados com sucesso na página 1"}
{"level":"info","message":"Posts buscados com sucesso na página 1"}
{"level":"info","message":"Posts buscados com sucesso"}
{"level":"info","message":"Posts buscados com sucesso"}
{"level":"info","message":"Posts buscados com sucesso"}
{"level":"info","message":"Posts buscados com sucesso"}
{"level":"info","message":"Posts buscados com sucesso"}
{"level":"info","message":"Posts buscados com sucesso"}
{"level":"info","message":"Posts buscados com sucesso"}
{"level":"info","message":"Posts buscados com sucesso"}
{"level":"info","message":"Posts buscados com sucesso"}
{"level":"info","message":"Posts buscados com sucesso"}
{"level":"info","message":"Posts buscados com sucesso"}
{"level":"info","message":"Posts buscados com sucesso"}
{"level":"info","message":"Posts buscados com sucesso"}
{"level":"info","message":"Posts buscados com sucesso"}
{"level":"info","message":"Posts buscados com sucesso"}
{"level":"info","message":"Posts buscados com sucesso"}
{"level":"info","message":"Posts buscados com sucesso"}
{"level":"info","message":"Posts buscados com sucesso"}
{"level":"info","message":"Posts buscados com sucesso"}
{"level":"info","message":"Posts buscados com sucesso"}
{"level":"info","message":"Posts buscados com sucesso"}
{"level":"info","message":"Posts buscados com sucesso"}
{"level":"info","message":"Posts buscados com sucesso"}
{"level":"info","message":"Posts buscados com sucesso"}
{"level":"info","message":"Posts buscados com sucesso"}
{"level":"info","message":"Posts buscados com sucesso"}
{"level":"info","message":"Posts buscados com sucesso"}
{"level":"info","message":"Posts buscados com sucesso"}
{"level":"info","message":"Posts buscados com sucesso"}
{"level":"info","message":"Posts buscados com sucesso"}
{"level":"info","message":"Posts buscados com sucesso"}
{"level":"info","message":"Posts buscados com sucesso"}
{"level":"info","message":"Posts buscados com sucesso"}
{"level":"info","message":"Posts buscados com sucesso"}
{"level":"info","message":"Posts buscados com sucesso"}
{"level":"info","message":"Posts buscados com sucesso"}
{"level":"info","message":"Posts buscados com sucesso"}
{"level":"info","message":"Posts buscados com sucesso"}
{"level":"info","message":"Posts buscados com sucesso"}
{"level":"info","message":"Posts buscados com sucesso"}
{"level":"info","message":"Posts buscados com sucesso"}
{"level":"info","message":"Posts buscados com sucesso"}
{"level":"info","message":"Posts buscados com sucesso"}
{"level":"info","message":"Posts buscados com sucesso"}
{"level":"info","message":"Posts buscados com sucesso"}
{"level":"info","message":"Posts buscados com sucesso"}
{"level":"info","message":"Posts buscados com sucesso"}
{"level":"info","message":"Posts buscados com sucesso"}
{"level":"info","message":"Posts buscados com sucesso"}
{"level":"info","message":"Posts buscados com sucesso"}
{"level":"info","message":"Posts buscados com sucesso"}
{"level":"info","message":"Posts buscados com sucesso"}
{"level":"info","message":"Posts buscados com sucesso"}
{"level":"info","message":"Posts buscados com sucesso"}
{"level":"info","message":"Posts buscados com sucesso"}
{"level":"info","message":"Posts buscados com sucesso"}
{"level":"info","message":"Posts buscados com sucesso"}
{"level":"info","message":"Posts buscados com sucesso"}
{"level":"info","message":"Posts buscados com sucesso"}
{"level":"info","message":"Posts buscados com sucesso"}
{"level":"info","message":"Posts buscados com sucesso"}
{"level":"info","message":"Posts buscados com sucesso"}
{"level":"info","message":"Posts buscados com sucesso"}
{"level":"info","message":"Posts buscados com sucesso"}
{"level":"info","message":"Posts buscados com sucesso"}
{"level":"info","message":"Posts buscados com sucesso"}
{"level":"info","message":"Posts buscados com sucesso"}
{"level":"info","message":"Posts buscados com sucesso"}
{"level":"info","message":"Posts buscados com sucesso"}
{"level":"info","message":"Posts buscados com sucesso"}
{"level":"info","message":"Posts buscados com sucesso"}
{"level":"info","message":"Posts buscados com sucesso"}
{"level":"info","message":"Posts buscados com sucesso"}
{"level":"info","message":"Posts buscados com sucesso"}
{"level":"info","message":"Posts buscados com sucesso"}
{"level":"info","message":"Posts buscados com sucesso"}
{"level":"info","message":"Posts buscados com sucesso"}
{"level":"info","message":"Posts buscados com sucesso"}
{"level":"info","message":"Posts buscados com sucesso"}
{"level":"info","message":"Posts buscados com sucesso"}
{"level":"info","message":"Posts buscados com sucesso"}
{"level":"info","message":"Posts buscados com sucesso"}
{"level":"info","message":"Posts buscados com sucesso"}
{"level":"info","message":"Posts buscados com sucesso"}
{"level":"info","message":"Posts buscados com sucesso"}
{"level":"info","message":"Posts buscados com sucesso"}
{"level":"info","message":"Posts buscados com sucesso"}
{"level":"info","message":"Posts buscados com sucesso"}
{"level":"info","message":"Posts buscados com sucesso"}
{"level":"info","message":"Posts buscados com sucesso"}
{"level":"info","message":"Posts buscados com sucesso"}
{"level":"info","message":"Posts buscados com sucesso"}
{"level":"info","message":"Posts buscados com sucesso"}
{"level":"info","message":"Posts buscados com sucesso"}
{"level":"info","message":"Posts buscados com sucesso"}
{"level":"info","message":"Posts buscados com sucesso"}
{"level":"info","message":"Posts buscados com sucesso"}
{"level":"info","message":"Posts buscados com sucesso"}
{"level":"info","message":"Posts buscados com sucesso"}
{"level":"info","message":"Posts buscados com sucesso"}
{"level":"info","message":"Posts buscados com sucesso"}
{"level":"info","message":"Posts buscados com sucesso"}
{"level":"info","message":"Posts buscados com sucesso"}
{"level":"info","message":"Posts buscados com sucesso"}
{"level":"info","message":"Posts buscados com sucesso"}
{"level":"info","message":"Posts buscados com sucesso"}
{"level":"info","message":"Posts buscados com sucesso"}
{"level":"info","message":"Posts buscados com sucesso"}
{"level":"info","message":"Posts buscados com sucesso"}
{"level":"info","message":"Posts buscados com sucesso"}
{"level":"info","message":"Posts buscados com sucesso"}
{"level":"info","message":"Posts buscados com sucesso"}
{"level":"info","message":"Posts buscados com sucesso"}
{"level":"info","message":"Posts buscados com sucesso"}
{"level":"info","message":"Posts buscados com sucesso"}
{"level":"info","message":"Posts buscados com sucesso"}
{"level":"info","message":"Posts buscados com sucesso"}
{"level":"info","message":"Posts buscados com sucesso"}
{"level":"info","message":"Posts buscados com sucesso"}
{"level":"info","message":"Posts buscados com sucesso"}
{"level":"info","message":"Posts buscados com sucesso"}
{"level":"info","message":"Posts buscados com sucesso"}
{"level":"info","message":"Posts buscados com sucesso"}
{"level":"info","message":"Posts buscados com sucesso"}
{"level":"info","message":"Posts buscados com sucesso"}
{"level":"info","message":"Posts buscados com sucesso"}
{"level":"info","message":"Posts buscados com sucesso"}
{"level":"info","message":"Posts buscados com sucesso"}
{"level":"info","message":"Posts buscados com sucesso"}
{"level":"info","message":"Posts buscados com sucesso"}
{"level":"info","message":"Posts buscados com sucesso"}
{"level":"info","message":"Posts buscados com sucesso"}
{"level":"info","message":"Posts buscados com sucesso"}
{"level":"info","message":"Posts buscados com sucesso"}
{"level":"info","message":"Posts buscados com sucesso"}
{"level":"info","message":"Posts buscados com sucesso"}
{"level":"info","message":"Posts buscados com sucesso"}
{"level":"info","message":"Posts buscados com sucesso"}
{"level":"info","message":"Posts buscados com sucesso"}
{"level":"info","message":"Posts buscados com sucesso"}
{"level":"info","message":"Posts buscados com sucesso"}
{"level":"info","message":"Posts buscados com sucesso"}
{"level":"info","message":"Posts buscados com sucesso"}
{"level":"info","message":"Posts buscados com sucesso"}
{"level":"info","message":"Posts buscados com sucesso"}
{"level":"info","message":"Posts buscados com sucesso"}
{"level":"info","message":"Posts buscados com sucesso"}
{"level":"info","message":"Posts buscados com sucesso"}
{"level":"info","message":"Posts buscados com sucesso"}
{"level":"info","message":"Posts buscados com sucesso"}
{"level":"info","message":"Posts buscados com sucesso"}
{"level":"info","message":"Posts buscados com sucesso"}
{"level":"info","message":"Posts buscados com sucesso"}
{"level":"info","message":"Posts buscados com sucesso"}
{"level":"info","message":"Posts buscados com sucesso"}
{"level":"info","message":"Posts buscados com sucesso"}
{"level":"info","message":"Posts buscados com sucesso"}
{"level":"info","message":"Posts buscados com sucesso"}
{"level":"info","message":"Posts buscados com sucesso"}
{"level":"info","message":"Posts buscados com sucesso"}
{"level":"info","message":"Posts buscados com sucesso"}
{"level":"info","message":"Posts buscados com sucesso"}
{"level":"info","message":"Posts buscados com sucesso"}
{"level":"info","message":"Posts buscados com sucesso"}
{"level":"info","message":"Posts buscados com sucesso"}
{"level":"info","message":"Posts buscados com sucesso"}
{"level":"info","message":"Posts buscados com sucesso"}
{"level":"info","message":"Posts buscados com sucesso"}
{"level":"info","message":"Posts buscados com sucesso"}
{"level":"info","message":"Posts buscados com sucesso"}
{"level":"info","message":"Posts buscados com sucesso"}
{"level":"info","message":"Posts buscados com sucesso"}
{"level":"info","message":"Posts buscados com sucesso"}
{"level":"info","message":"Posts buscados com sucesso"}
{"level":"info","message":"Posts buscados com sucesso"}
{"level":"info","message":"Posts buscados com sucesso"}
{"level":"info","message":"Posts buscados com sucesso"}
{"level":"info","message":"Posts buscados com sucesso"}
{"level":"info","message":"Posts buscados com sucesso"}
{"level":"info","message":"Posts buscados com sucesso"}
{"level":"info","message":"Posts buscados com sucesso"}
{"level":"info","message":"Posts buscados com sucesso"}
{"level":"info","message":"Posts buscados com sucesso"}
{"level":"info","message":"Posts buscados com sucesso"}
{"level":"info","message":"Posts buscados com sucesso"}
{"level":"info","message":"Posts buscados com sucesso"}
{"level":"info","message":"Posts buscados com sucesso"}
{"level":"info","message":"Posts buscados com sucesso"}
{"level":"info","message":"Posts buscados com sucesso"}
{"level":"info","message":"Posts buscados com sucesso"}
{"level":"info","message":"Posts buscados com sucesso"}
{"level":"info","message":"Posts buscados com sucesso"}
{"level":"info","message":"Posts buscados com sucesso"}
{"level":"info","message":"Posts buscados com sucesso"}
{"level":"info","message":"Posts buscados com sucesso"}
{"level":"info","message":"Posts buscados com sucesso"}
{"level":"info","message":"Posts buscados com sucesso"}
{"level":"info","message":"Posts buscados com sucesso"}
{"level":"info","message":"Posts buscados com sucesso"}
{"level":"info","message":"Posts buscados com sucesso"}
{"level":"info","message":"Posts buscados com sucesso"}
{"level":"info","message":"Posts buscados com sucesso"}
{"level":"info","message":"Posts buscados com sucesso"}
{"level":"info","message":"Posts buscados com sucesso"}
{"level":"info","message":"Posts buscados com sucesso"}
{"level":"info","message":"Posts buscados com sucesso"}
{"level":"info","message":"Posts buscados com sucesso"}
{"level":"info","message":"Posts buscados com sucesso"}
{"level":"info","message":"Posts buscados com sucesso"}
{"level":"info","message":"Posts buscados com sucesso"}
{"level":"info","message":"Posts buscados com sucesso"}
{"level":"info","message":"Posts buscados com sucesso"}
{"level":"info","message":"Posts buscados com sucesso"}
{"level":"info","message":"Posts buscados com sucesso"}
{"level":"info","message":"Posts buscados com sucesso"}
{"level":"info","message":"Posts buscados com sucesso"}
{"level":"info","message":"Posts buscados com sucesso"}
{"level":"info","message":"Posts buscados com sucesso"}
{"level":"info","message":"Posts buscados com sucesso"}
{"level":"info","message":"Posts buscados com sucesso"}
{"level":"info","message":"Posts buscados com sucesso"}
{"level":"info","message":"Posts buscados com sucesso"}
{"level":"info","message":"Posts buscados com sucesso"}
{"level":"info","message":"Posts buscados com sucesso"}
{"level":"info","message":"Posts buscados com sucesso"}
{"level":"info","message":"Posts buscados com sucesso"}
{"level":"info","message":"Posts buscados com sucesso"}
{"level":"info","message":"Posts buscados com sucesso"}
{"level":"info","message":"Posts buscados com sucesso"}
{"level":"info","message":"Posts buscados com sucesso"}
{"level":"info","message":"Posts buscados com sucesso"}
{"level":"info","message":"Posts buscados com sucesso"}
{"level":"info","message":"Posts buscados com sucesso"}
{"level":"info","message":"Posts buscados com sucesso"}
{"level":"info","message":"Posts buscados com sucesso"}
{"level":"info","message":"Posts buscados com sucesso"}
{"level":"info","message":"Posts buscados com sucesso"}
{"level":"info","message":"Posts buscados com sucesso"}
{"level":"info","message":"Posts buscados com sucesso"}
{"level":"info","message":"Posts buscados com sucesso"}
{"level":"info","message":"Posts buscados com sucesso"}
{"level":"info","message":"Posts buscados com sucesso"}
{"level":"info","message":"Posts buscados com sucesso"}
{"level":"info","message":"Posts buscados com sucesso"}
{"level":"info","message":"Posts buscados com sucesso"}
{"level":"info","message":"Posts buscados com sucesso"}
{"level":"info","message":"Posts buscados com sucesso"}
{"level":"info","message":"Posts buscados com sucesso"}
{"level":"info","message":"Posts buscados com sucesso"}
{"level":"info","message":"Posts buscados com sucesso"}
{"level":"info","message":"Posts buscados com sucesso"}
{"level":"info","message":"Posts buscados com sucesso"}
{"level":"info","message":"Posts buscados com sucesso"}
{"level":"info","message":"Posts buscados com sucesso"}
{"level":"info","message":"Posts buscados com sucesso"}
{"level":"info","message":"Posts buscados com sucesso"}
{"level":"info","message":"Posts buscados com sucesso"}
{"level":"info","message":"Posts buscados com sucesso"}
{"level":"info","message":"Posts buscados com sucesso"}
{"level":"info","message":"Posts buscados com sucesso"}
{"level":"info","message":"Posts buscados com sucesso"}
{"level":"info","message":"Posts buscados com sucesso"}
{"level":"info","message":"Posts buscados com sucesso"}
{"level":"info","message":"Posts buscados com sucesso"}
{"level":"info","message":"Posts buscados com sucesso"}
{"level":"info","message":"Posts buscados com sucesso"}
{"level":"info","message":"Posts buscados com sucesso"}
{"level":"info","message":"Posts buscados com sucesso"}
{"level":"info","message":"Posts buscados com sucesso"}
{"level":"info","message":"Posts buscados com sucesso"}
{"level":"info","message":"Posts buscados com sucesso"}
{"level":"info","message":"Posts buscados com sucesso"}
{"level":"info","message":"Posts buscados com sucesso"}
{"level":"info","message":"Posts buscados com sucesso"}
{"level":"info","message":"Posts buscados com sucesso"}
{"level":"info","message":"Posts buscados com sucesso"}
{"level":"info","message":"Posts buscados com sucesso"}
{"level":"info","message":"Posts buscados com sucesso"}
{"level":"info","message":"Posts buscados com sucesso"}
{"level":"info","message":"Posts buscados com sucesso"}
{"level":"info","message":"Posts buscados com sucesso"}
{"level":"info","message":"Posts buscados com sucesso"}
{"level":"info","message":"Posts buscados com sucesso"}
{"level":"info","message":"Posts buscados com sucesso"}
{"level":"info","message":"Posts buscados com sucesso"}
{"level":"info","message":"Posts buscados com sucesso"}
{"level":"info","message":"Posts buscados com sucesso"}
{"level":"info","message":"Posts buscados com sucesso"}
{"level":"info","message":"Posts buscados com sucesso"}
{"level":"info","message":"Posts buscados com sucesso"}
{"level":"info","message":"Posts buscados com sucesso"}
{"level":"info","message":"Posts buscados com sucesso"}
{"level":"info","message":"Posts buscados com sucesso"}
{"level":"info","message":"Posts buscados com sucesso"}
{"level":"info","message":"Posts buscados com sucesso"}
{"level":"info","message":"Posts buscados com sucesso"}
{"level":"info","message":"Posts buscados com sucesso"}
{"level":"info","message":"Posts buscados com sucesso"}
{"level":"info","message":"Posts buscados com sucesso"}
{"level":"info","message":"Posts buscados com sucesso"}
{"level":"info","message":"Posts buscados com sucesso"}
{"level":"info","message":"Posts buscados com sucesso"}
{"level":"info","message":"Posts buscados com sucesso"}
{"level":"info","message":"Posts buscados com sucesso"}
{"level":"info","message":"Posts buscados com sucesso"}
{"level":"info","message":"Posts buscados com sucesso"}
{"level":"info","message":"Posts buscados com sucesso"}
{"level":"info","message":"Posts buscados com sucesso"}
{"level":"info","message":"Posts buscados com sucesso"}
{"level":"info","message":"Posts buscados com sucesso"}
{"level":"info","message":"Posts buscados com sucesso"}
{"level":"info","message":"Posts buscados com sucesso"}
{"level":"info","message":"Posts buscados com sucesso"}
{"level":"info","message":"Posts buscados com sucesso"}
{"level":"info","message":"Posts buscados com sucesso"}
{"level":"info","message":"Posts buscados com sucesso"}
{"level":"info","message":"Posts buscados com sucesso"}
{"level":"info","message":"Posts buscados com sucesso"}
{"level":"info","message":"Posts buscados com sucesso"}
{"level":"info","message":"Posts buscados com sucesso"}
{"level":"info","message":"Posts buscados com sucesso"}
{"level":"info","message":"Posts buscados com sucesso"}
{"level":"info","message":"Posts buscados com sucesso"}
{"level":"info","message":"Posts buscados com sucesso"}
{"level":"info","message":"Posts buscados com sucesso"}
{"level":"info","message":"Posts buscados com sucesso"}
{"level":"info","message":"Posts buscados com sucesso"}
{"level":"info","message":"Posts buscados com sucesso"}
{"level":"info","message":"Posts buscados com sucesso"}
{"level":"info","message":"Posts buscados com sucesso"}
{"level":"info","message":"Posts buscados com sucesso"}
{"level":"info","message":"Posts buscados com sucesso"}
{"level":"info","message":"Posts buscados com sucesso"}
{"level":"info","message":"Posts buscados com sucesso"}
{"level":"info","message":"Posts buscados com sucesso"}
{"level":"info","message":"Posts buscados com sucesso"}
{"level":"info","message":"Posts buscados com sucesso"}
{"level":"info","message":"Posts buscados com sucesso"}
{"level":"info","message":"Posts buscados com sucesso"}
{"level":"info","message":"Posts buscados com sucesso"}
{"level":"info","message":"Posts buscados com sucesso"}
{"level":"info","message":"Posts buscados com sucesso"}
{"level":"info","message":"Posts buscados com sucesso"}
{"level":"info","message":"Posts buscados com sucesso"}
{"level":"info","message":"Posts buscados com sucesso"}
{"level":"info","message":"Posts buscados com sucesso"}
{"level":"info","message":"Posts buscados com sucesso"}
{"level":"info","message":"Posts buscados com sucesso"}
{"level":"info","message":"Posts buscados com sucesso"}
{"level":"info","message":"Posts buscados com sucesso"}
{"level":"info","message":"Posts buscados com sucesso"}
{"level":"info","message":"Posts buscados com sucesso"}
{"level":"info","message":"Posts buscados com sucesso"}
{"level":"info","message":"Posts buscados com sucesso"}
{"level":"error","message":"O campo 'text' está ausente no post retornado."}
{"level":"info","message":"Posts buscados com sucesso"}
{"level":"info","message":"Posts buscados com sucesso"}
{"level":"info","message":"Posts buscados com sucesso"}
{"level":"info","message":"Posts buscados com sucesso"}
{"level":"info","message":"Posts buscados com sucesso"}
{"level":"info","message":"Posts buscados com sucesso"}
{"level":"info","message":"Posts buscados com sucesso"}
{"level":"info","message":"Posts buscados com sucesso"}
{"level":"info","message":"Posts buscados com sucesso"}
{"level":"info","message":"Posts buscados com sucesso"}
{"level":"info","message":"Posts buscados com sucesso"}
{"level":"info","message":"Posts buscados com sucesso"}
{"level":"info","message":"Posts buscados com sucesso"}
{"level":"info","message":"Posts buscados com sucesso"}
{"level":"info","message":"Posts buscados com sucesso"}
{"level":"info","message":"Posts buscados com sucesso"}
{"level":"info","message":"Posts buscados com sucesso"}
{"level":"info","message":"Posts buscados com sucesso"}
{"level":"info","message":"Posts buscados com sucesso"}
{"level":"info","message":"Posts buscados com sucesso"}
{"level":"info","message":"Posts buscados com sucesso"}
{"level":"info","message":"Posts buscados com sucesso"}
{"level":"info","message":"Posts buscados com sucesso"}
{"level":"info","message":"Posts buscados com sucesso"}
{"level":"info","message":"Posts buscados com sucesso"}
{"level":"info","message":"Posts buscados com sucesso"}
{"level":"info","message":"Posts buscados com sucesso"}
{"level":"info","message":"Posts buscados com sucesso"}
{"level":"info","message":"Posts buscados com sucesso"}
{"level":"info","message":"Posts buscados com sucesso"}
{"level":"info","message":"Posts buscados com sucesso"}
{"level":"info","message":"Posts buscados com sucesso"}
{"level":"info","message":"Posts buscados com sucesso"}
{"level":"info","message":"Posts buscados com sucesso"}
{"level":"info","message":"Posts buscados com sucesso"}
{"level":"info","message":"Posts buscados com sucesso"}
{"level":"info","message":"Posts buscados com sucesso"}
{"level":"info","message":"Posts buscados com sucesso"}
{"level":"info","message":"Posts buscados com sucesso"}
{"level":"info","message":"Posts buscados com sucesso"}
{"level":"info","message":"Posts buscados com sucesso"}
{"level":"info","message":"Posts buscados com sucesso"}
{"level":"info","message":"Posts buscados com sucesso"}
{"level":"info","message":"Posts buscados com sucesso"}
{"level":"info","message":"Posts buscados com sucesso"}
{"level":"info","message":"Posts buscados com sucesso"}
{"level":"info","message":"Posts buscados com sucesso"}
{"level":"info","message":"Posts buscados com sucesso"}
{"level":"info","message":"Posts buscados com sucesso"}
{"level":"info","message":"Posts buscados com sucesso"}
{"level":"info","message":"Posts buscados com sucesso"}
{"level":"info","message":"Posts buscados com sucesso"}
{"level":"info","message":"Posts buscados com sucesso"}
{"level":"info","message":"Posts buscados com sucesso"}
{"level":"info","message":"Posts buscados com sucesso"}
{"level":"info","message":"Posts buscados com sucesso"}
{"level":"info","message":"Posts buscados com sucesso"}
{"level":"info","message":"Posts buscados com sucesso"}
{"level":"info","message":"Posts buscados com sucesso"}
{"level":"info","message":"Posts buscados com sucesso"}
{"level":"info","message":"Posts buscados com sucesso"}
{"level":"info","message":"Posts buscados com sucesso"}
{"level":"info","message":"Posts buscados com sucesso"}
{"level":"info","message":"Posts buscados com sucesso"}
{"level":"info","message":"Posts buscados com sucesso"}
{"level":"info","message":"Posts buscados com sucesso"}
{"level":"info","message":"Posts buscados com sucesso"}
{"level":"info","message":"Posts buscados com sucesso"}
{"level":"info","message":"Posts buscados com sucesso"}
{"level":"info","message":"Posts buscados com sucesso"}
{"level":"info","message":"Posts da categoria undefined buscados com sucesso"}
{"level":"warn","message":"Nenhum post encontrado para a categoria: undefined"}
{"level":"info","message":"Posts da categoria undefined buscados com sucesso"}
{"level":"warn","message":"Nenhum post encontrado para a categoria: undefined"}
{"level":"info","message":"Posts da categoria undefined buscados com sucesso"}
{"level":"warn","message":"Nenhum post encontrado para a categoria: undefined"}
{"level":"info","message":"Posts da categoria undefined buscados com sucesso"}
{"level":"warn","message":"Nenhum post encontrado para a categoria: undefined"}
{"level":"info","message":"Posts da categoria undefined buscados com sucesso"}
{"level":"warn","message":"Nenhum post encontrado para a categoria: undefined"}
{"level":"info","message":"Posts da categoria undefined buscados com sucesso"}
{"level":"warn","message":"Nenhum post encontrado para a categoria: undefined"}
{"level":"info","message":"Posts da categoria undefined buscados com sucesso"}
{"level":"warn","message":"Nenhum post encontrado para a categoria: undefined"}
{"level":"info","message":"Posts da categoria undefined buscados com sucesso"}
{"level":"warn","message":"Nenhum post encontrado para a categoria: undefined"}
{"level":"info","message":"Posts da categoria undefined buscados com sucesso"}
{"level":"warn","message":"Nenhum post encontrado para a categoria: undefined"}
{"level":"info","message":"Posts da categoria undefined buscados com sucesso"}
{"level":"warn","message":"Nenhum post encontrado para a categoria: undefined"}
{"level":"info","message":"Posts da categoria undefined buscados com sucesso"}
{"level":"warn","message":"Nenhum post encontrado para a categoria: undefined"}
{"level":"info","message":"Posts da categoria plantas%20externas buscados com sucesso"}
{"level":"warn","message":"Nenhum post encontrado para a categoria: plantas%20externas"}
{"level":"info","message":"Posts da categoria plantas%20externas buscados com sucesso"}
{"level":"warn","message":"Nenhum post encontrado para a categoria: plantas%20externas"}
{"level":"info","message":"Posts da categoria plantas%20externas buscados com sucesso"}
{"level":"warn","message":"Nenhum post encontrado para a categoria: plantas%20externas"}
{"level":"info","message":"Posts da categoria plantas%20externas buscados com sucesso"}
{"level":"warn","message":"Nenhum post encontrado para a categoria: plantas%20externas"}
{"level":"info","message":"Posts da categoria plantas%20externas buscados com sucesso"}
{"level":"warn","message":"Nenhum post encontrado para a categoria: plantas%20externas"}
{"level":"info","message":"Posts da categoria tend%C3%AAncia buscados com sucesso"}
{"level":"warn","message":"Nenhum post encontrado para a categoria: tend%C3%AAncia"}
{"level":"info","message":"Posts da categoria plantas%20internas buscados com sucesso"}
{"level":"warn","message":"Nenhum post encontrado para a categoria: plantas%20internas"}
{"level":"info","message":"Posts buscados com sucesso"}
{"level":"info","message":"Posts da categoria tend%C3%AAncia buscados com sucesso"}
{"level":"warn","message":"Nenhum post encontrado para a categoria: tend%C3%AAncia"}
{"level":"info","message":"Posts da categoria tend%C3%AAncia buscados com sucesso"}
{"level":"warn","message":"Nenhum post encontrado para a categoria: tend%C3%AAncia"}
{"level":"info","message":"Posts da categoria tend%C3%AAncia buscados com sucesso"}
{"level":"warn","message":"Nenhum post encontrado para a categoria: tend%C3%AAncia"}
{"level":"info","message":"Posts da categoria tend%C3%AAncia buscados com sucesso"}
{"level":"warn","message":"Nenhum post encontrado para a categoria: tend%C3%AAncia"}
{"level":"info","message":"Posts da categoria tend%C3%AAncia buscados com sucesso"}
{"level":"warn","message":"Nenhum post encontrado para a categoria: tend%C3%AAncia"}
{"level":"info","message":"Posts buscados com sucesso"}
{"level":"info","message":"Posts da categoria tend%C3%AAncia buscados com sucesso"}
{"level":"warn","message":"Nenhum post encontrado para a categoria: tend%C3%AAncia"}
{"level":"info","message":"Posts da categoria tend%C3%AAncia buscados com sucesso"}
{"level":"warn","message":"Nenhum post encontrado para a categoria: tend%C3%AAncia"}
{"level":"info","message":"Posts da categoria tend%C3%AAncia buscados com sucesso"}
{"level":"warn","message":"Nenhum post encontrado para a categoria: tend%C3%AAncia"}
{"level":"info","message":"Posts da categoria tend%C3%AAncia buscados com sucesso"}
{"level":"warn","message":"Nenhum post encontrado para a categoria: tend%C3%AAncia"}
{"level":"info","message":"Posts da categoria tend%C3%AAncia buscados com sucesso"}
{"level":"warn","message":"Nenhum post encontrado para a categoria: tend%C3%AAncia"}
{"level":"info","message":"Posts buscados com sucesso"}
{"level":"info","message":"Posts da categoria tendencia buscados com sucesso"}
{"level":"info","message":"Posts da categoria tendencia buscados com sucesso"}
{"level":"info","message":"Posts da categoria tendencia buscados com sucesso"}
{"level":"info","message":"Posts da categoria tendencia buscados com sucesso"}
{"level":"info","message":"Posts da categoria tendencia buscados com sucesso"}
{"level":"info","message":"Posts da categoria tendencia buscados com sucesso"}
{"level":"info","message":"Posts da categoria tendencia buscados com sucesso"}
{"level":"info","message":"Posts da categoria tendencia buscados com sucesso"}
{"level":"info","message":"Posts da categoria tendencia buscados com sucesso"}
{"level":"info","message":"Posts da categoria tendencia buscados com sucesso"}
{"level":"info","message":"Posts da categoria tendencia buscados com sucesso"}
{"level":"info","message":"Posts da categoria tendencia buscados com sucesso"}
{"level":"info","message":"Posts da categoria tendencia buscados com sucesso"}
{"level":"info","message":"Posts da categoria tendencia buscados com sucesso"}
{"level":"info","message":"Posts da categoria tendencia buscados com sucesso"}
{"level":"info","message":"Posts da categoria tendencia buscados com sucesso"}
{"level":"info","message":"Posts da categoria tendencia buscados com sucesso"}
{"level":"info","message":"Posts da categoria tendencia buscados com sucesso"}
{"level":"info","message":"Posts da categoria tendencia buscados com sucesso"}
{"level":"info","message":"Posts da categoria tendencia buscados com sucesso"}
{"level":"info","message":"Posts da categoria tendencia buscados com sucesso"}
{"level":"info","message":"Posts da categoria tendencia buscados com sucesso"}
{"level":"info","message":"Posts da categoria tendencia buscados com sucesso"}
{"level":"info","message":"Posts da categoria tendencia buscados com sucesso"}
{"level":"info","message":"Posts da categoria tendencia buscados com sucesso"}
{"level":"info","message":"Posts da categoria tendencia buscados com sucesso"}
{"level":"info","message":"Posts da categoria tendencia buscados com sucesso"}
{"level":"info","message":"Posts da categoria tendencia buscados com sucesso"}
{"level":"info","message":"Posts da categoria tendencia buscados com sucesso"}
{"level":"info","message":"Posts da categoria tendencia buscados com sucesso"}
{"level":"info","message":"Posts da categoria tendencia buscados com sucesso"}
{"level":"error","message":"Erro ao buscar posts da categoria: category is not defined"}
{"level":"info","message":"Posts da categoria tend%C3%AAncia buscados com sucesso"}
{"level":"error","message":"Erro ao buscar posts da categoria: category is not defined"}
{"level":"info","message":"Posts da categoria tend%C3%AAncia buscados com sucesso"}
{"level":"error","message":"Erro ao buscar posts da categoria: category is not defined"}
{"level":"info","message":"Posts da categoria tend%C3%AAncia buscados com sucesso"}
{"level":"error","message":"Erro ao buscar posts da categoria: category is not defined"}
{"level":"info","message":"Posts da categoria tend%C3%AAncia buscados com sucesso"}
{"level":"error","message":"Erro ao buscar posts da categoria: category is not defined"}
{"level":"info","message":"Posts buscados com sucesso"}
{"level":"info","message":"Posts buscados com sucesso"}
{"level":"info","message":"Posts buscados com sucesso"}
{"level":"info","message":"Posts da categoria tendencia buscados com sucesso"}
{"level":"info","message":"Posts da categoria tendencia buscados com sucesso"}
{"level":"info","message":"Posts da categoria tendencia buscados com sucesso"}
{"level":"info","message":"Posts da categoria tendencia buscados com sucesso"}
{"level":"info","message":"Posts da categoria super-facil-de-cuidar buscados com sucesso"}
{"level":"info","message":"Posts da categoria tendencia buscados com sucesso"}
{"level":"info","message":"Posts da categoria tendencia buscados com sucesso"}
{"level":"info","message":"Posts da categoria tendencia buscados com sucesso"}
{"level":"info","message":"Posts da categoria tendencia buscados com sucesso"}
{"level":"info","message":"Posts da categoria plantas-externas buscados com sucesso"}
{"level":"info","message":"Posts da categoria super-facil-de-cuidar buscados com sucesso"}
{"level":"info","message":"Posts buscados com sucesso"}
{"level":"info","message":"Posts da categoria plantas-internas buscados com sucesso"}
{"level":"info","message":"Posts da categoria plantas-internas buscados com sucesso"}
{"level":"info","message":"Posts da categoria acessorios buscados com sucesso"}
{"level":"info","message":"Posts da categoria plantas-internas buscados com sucesso"}
{"level":"info","message":"Posts buscados com sucesso"}
{"level":"info","message":"Posts da categoria tendencia buscados com sucesso"}
{"level":"info","message":"Posts da categoria plantas-externas buscados com sucesso"}
{"level":"info","message":"Posts da categoria plantas-externas buscados com sucesso"}
{"level":"info","message":"Posts da categoria plantas-externas buscados com sucesso"}
{"level":"info","message":"Posts da categoria tendencia buscados com sucesso"}
{"level":"info","message":"Posts da categoria plantas-externas buscados com sucesso"}
{"level":"info","message":"Posts da categoria plantas-externas buscados com sucesso"}
{"level":"info","message":"Posts da categoria tendencia buscados com sucesso"}
{"level":"info","message":"Posts da categoria tendencia buscados com sucesso"}
{"level":"info","message":"Posts da categoria tendencia buscados com sucesso"}
{"level":"info","message":"Posts da categoria tendencia buscados com sucesso"}
{"level":"info","message":"Posts da categoria plantas-externas buscados com sucesso"}
{"level":"info","message":"Posts da categoria super-facil-de-cuidar buscados com sucesso"}
{"level":"info","message":"Posts da categoria acessorios buscados com sucesso"}
{"level":"info","message":"Posts da categoria acessorios buscados com sucesso"}
{"level":"info","message":"Posts da categoria decoracao buscados com sucesso"}
{"level":"info","message":"Posts da categoria plantas-internas buscados com sucesso"}
{"level":"info","message":"Posts da categoria plantas-internas buscados com sucesso"}
{"level":"info","message":"Posts da categoria plantas-internas buscados com sucesso"}
{"level":"info","message":"Posts da categoria plantas-internas buscados com sucesso"}
{"level":"info","message":"Posts da categoria plantas-internas buscados com sucesso"}
{"level":"info","message":"Posts da categoria plantas-internas buscados com sucesso"}
{"level":"info","message":"Posts da categoria plantas-internas buscados com sucesso"}
{"level":"info","message":"Posts da categoria plantas-internas buscados com sucesso"}
{"level":"info","message":"Posts da categoria tendencia buscados com sucesso"}
{"level":"info","message":"Posts buscados com sucesso"}
{"level":"info","message":"Posts buscados com sucesso"}
{"level":"info","message":"Posts buscados com sucesso"}
{"level":"info","message":"Posts buscados com sucesso"}
{"level":"info","message":"Posts buscados com sucesso"}
{"level":"info","message":"Posts buscados com sucesso"}
{"level":"info","message":"Posts buscados com sucesso"}
{"level":"info","message":"Posts buscados com sucesso"}
{"level":"info","message":"Posts buscados com sucesso"}
{"level":"info","message":"Posts buscados com sucesso"}
{"level":"info","message":"Posts buscados com sucesso"}
{"level":"info","message":"Posts buscados com sucesso"}
{"level":"info","message":"Posts buscados com sucesso"}
{"level":"info","message":"Posts buscados com sucesso"}
{"level":"info","message":"Posts buscados com sucesso"}
{"level":"info","message":"Posts da categoria plantas-externas buscados com sucesso"}
{"level":"info","message":"Posts da categoria acessorios buscados com sucesso"}
{"level":"info","message":"Posts buscados com sucesso"}
{"level":"info","message":"Posts buscados com sucesso"}
{"level":"info","message":"Posts buscados com sucesso"}
{"level":"info","message":"Posts buscados com sucesso"}
{"level":"info","message":"Posts buscados com sucesso"}
{"level":"warn","message":"Nenhum post encontrado."}
{"level":"warn","message":"Nenhum post encontrado."}
{"level":"warn","message":"Nenhum post encontrado."}
{"level":"warn","message":"Nenhum post encontrado."}
{"level":"warn","message":"Nenhum post encontrado."}
{"level":"warn","message":"Nenhum post encontrado."}
{"level":"warn","message":"Nenhum post encontrado."}
{"level":"warn","message":"Nenhum post encontrado."}
{"level":"warn","message":"Nenhum post encontrado."}
{"level":"warn","message":"Nenhum post encontrado."}
{"level":"info","message":"Posts buscados com sucesso"}
{"level":"info","message":"Posts buscados com sucesso"}
{"level":"info","message":"Posts buscados com sucesso"}
{"level":"info","message":"Posts buscados com sucesso"}
{"level":"info","message":"Posts buscados com sucesso"}
{"level":"info","message":"Posts buscados com sucesso"}
{"level":"info","message":"Posts buscados com sucesso"}
{"level":"info","message":"Posts buscados com sucesso"}
{"level":"info","message":"Posts buscados com sucesso"}
{"level":"info","message":"Posts buscados com sucesso"}
{"level":"info","message":"Posts buscados com sucesso"}
{"level":"info","message":"Posts buscados com sucesso"}
{"level":"info","message":"Posts buscados com sucesso"}
{"level":"info","message":"Posts buscados com sucesso"}
{"level":"info","message":"Posts da categoria super-facil-de-cuidar buscados com sucesso"}
{"level":"info","message":"Posts buscados com sucesso"}
{"level":"info","message":"Posts buscados com sucesso"}
{"level":"info","message":"Posts buscados com sucesso"}
{"level":"info","message":"Posts buscados com sucesso"}
{"level":"info","message":"Posts da categoria acessorios buscados com sucesso"}
{"level":"info","message":"Posts buscados com sucesso"}
{"level":"info","message":"Posts da categoria tendencia buscados com sucesso"}
{"level":"info","message":"Posts buscados com sucesso"}
{"level":"info","message":"Posts buscados com sucesso"}
{"level":"info","message":"Posts buscados com sucesso"}
{"level":"warn","message":"Nenhum post encontrado."}
{"level":"warn","message":"Nenhum post encontrado."}
{"level":"warn","message":"Nenhum post encontrado."}
{"level":"warn","message":"Nenhum post encontrado."}
{"level":"warn","message":"Nenhum post encontrado."}
{"level":"warn","message":"Nenhum post encontrado."}
{"level":"warn","message":"Nenhum post encontrado."}
{"level":"warn","message":"Nenhum post encontrado."}
{"level":"warn","message":"Nenhum post encontrado."}
{"level":"warn","message":"Nenhum post encontrado."}
{"level":"warn","message":"Nenhum post encontrado."}
{"level":"warn","message":"Nenhum post encontrado."}
{"level":"warn","message":"Nenhum post encontrado."}
{"level":"warn","message":"Nenhum post encontrado."}
{"level":"warn","message":"Nenhum post encontrado."}
{"level":"warn","message":"Nenhum post encontrado."}
{"level":"info","message":"Posts buscados com sucesso"}
{"level":"info","message":"Posts buscados com sucesso"}
{"level":"warn","message":"Nenhum post encontrado para a categoria: plantas-externas"}
{"level":"warn","message":"Nenhum post encontrado para a categoria: plantas-externas"}
{"level":"error","message":"Erro ao buscar categorias: Request failed with status code 404"}
{"level":"error","message":"Erro ao buscar categorias: Request failed with status code 404"}
{"level":"error","message":"Erro ao buscar categorias: Request failed with status code 404"}
{"level":"error","message":"Erro ao buscar categorias: Request failed with status code 404"}
{"level":"error","message":"Erro ao buscar categorias: Request failed with status code 404"}
{"level":"error","message":"Erro ao buscar categorias: Request failed with status code 404"}
{"level":"error","message":"Erro ao buscar categorias: Request failed with status code 404"}
{"level":"error","message":"Erro ao buscar categorias: Request failed with status code 404"}
{"level":"error","message":"Erro ao buscar categorias: Request failed with status code 404"}
{"level":"error","message":"Erro ao buscar categorias: Request failed with status code 404"}
